* using log directory 'C:/Users/wampleka/Documents/Projects/WWS-box-lfs/blfs.Rcheck'
* using R version 4.5.1 (2025-06-13 ucrt)
* using platform: x86_64-w64-mingw32
* R was compiled by
    gcc.exe (GCC) 14.2.0
    GNU Fortran (GCC) 14.2.0
* running under: Windows 11 x64 (build 26100)
* using session charset: UTF-8
* using options '--no-manual --as-cran'
* checking for file 'blfs/DESCRIPTION' ... OK
* checking extension type ... Package
* this is package 'blfs' version '0.1.0'
* package encoding: UTF-8
* checking package namespace information ... OK
* checking package dependencies ... OK
* checking if this is a source package ... OK
* checking if there is a namespace ... OK
* checking for executable files ... OK
* checking for hidden files and directories ... OK
* checking for portable file names ... OK
* checking serialization versions ... OK
* checking whether package 'blfs' can be installed ... OK
* checking installed package size ... OK
* checking package directory ... OK
* checking for future file timestamps ... OK
* checking DESCRIPTION meta-information ... OK
* checking top-level files ... OK
* checking for left-over files ... OK
* checking index information ... OK
* checking package subdirectories ... OK
* checking code files for non-ASCII characters ... OK
* checking R files for syntax errors ... OK
* checking whether the package can be loaded ... OK
* checking whether the package can be loaded with stated dependencies ... OK
* checking whether the package can be unloaded cleanly ... OK
* checking whether the namespace can be loaded with stated dependencies ... OK
* checking whether the namespace can be unloaded cleanly ... OK
* checking loading without being on the library search path ... OK
* checking dependencies in R code ... OK
* checking S3 generic/method consistency ... OK
* checking replacement functions ... OK
* checking foreign function calls ... OK
* checking R code for possible problems ... NOTE
clone_repo_blfs: no visible binding for global variable 'downloads'
clone_repo_blfs: no visible binding for global variable 'repo'
pull_repo_blfs: no visible binding for global variable 'downloads'
pull_repo_blfs: no visible binding for global variable 'repo'
Undefined global functions or variables:
  downloads repo
* checking Rd files ... OK
* checking Rd metadata ... OK
* checking Rd line widths ... OK
* checking Rd cross-references ... OK
* checking for missing documentation entries ... OK
* checking for code/documentation mismatches ... OK
* checking Rd \usage sections ... OK
* checking Rd contents ... OK
* checking for unstated dependencies in examples ... OK
* checking examples ... ERROR
Running examples in 'blfs-Ex.R' failed
The error most likely occurred in:

> base::assign(".ptime", proc.time(), pos = "CheckExEnv")
> ### Name: add_box_loc
> ### Title: Add Box file location to the boxtracker file
> ### Aliases: add_box_loc
> 
> ### ** Examples
> 
> add_box_loc("https://oregonstate.box.com/s/h9g8q6n8lj3u2bwhaalepb0lc28te4n5", dir="ext-data")
Error in dir_check(dir) : dir.exists(dir) is not TRUE
Calls: add_box_loc -> dir_check -> stopifnot
Execution halted
* checking for unstated dependencies in 'tests' ... OK
* checking tests ... OK
  Running 'testthat.R'
* checking for non-standard things in the check directory ... OK
* checking for detritus in the temp directory ... OK
* DONE
Status: 1 ERROR, 1 NOTE
